INFO - 2024-07-12 03:50:23 --> Session: Class initialized using 'CodeIgniter\Session\Handlers\FileHandler' driver.
INFO - 2024-07-12 03:50:37 --> Session: Class initialized using 'CodeIgniter\Session\Handlers\FileHandler' driver.
INFO - 2024-07-12 03:50:40 --> Session: Class initialized using 'CodeIgniter\Session\Handlers\FileHandler' driver.
INFO - 2024-07-12 03:51:48 --> Session: Class initialized using 'CodeIgniter\Session\Handlers\FileHandler' driver.
INFO - 2024-07-12 03:59:39 --> Session: Class initialized using 'CodeIgniter\Session\Handlers\FileHandler' driver.
INFO - 2024-07-12 03:59:58 --> Session: Class initialized using 'CodeIgniter\Session\Handlers\FileHandler' driver.
INFO - 2024-07-12 04:15:24 --> Session: Class initialized using 'CodeIgniter\Session\Handlers\FileHandler' driver.
INFO - 2024-07-12 04:15:26 --> Session: Class initialized using 'CodeIgniter\Session\Handlers\FileHandler' driver.
INFO - 2024-07-12 04:15:53 --> Session: Class initialized using 'CodeIgniter\Session\Handlers\FileHandler' driver.
INFO - 2024-07-12 04:15:54 --> Session: Class initialized using 'CodeIgniter\Session\Handlers\FileHandler' driver.
INFO - 2024-07-12 04:15:56 --> Session: Class initialized using 'CodeIgniter\Session\Handlers\FileHandler' driver.
INFO - 2024-07-12 04:25:08 --> Session: Class initialized using 'CodeIgniter\Session\Handlers\FileHandler' driver.
INFO - 2024-07-12 04:29:12 --> Session: Class initialized using 'CodeIgniter\Session\Handlers\FileHandler' driver.
INFO - 2024-07-12 04:29:24 --> Session: Class initialized using 'CodeIgniter\Session\Handlers\FileHandler' driver.
INFO - 2024-07-12 04:33:18 --> Session: Class initialized using 'CodeIgniter\Session\Handlers\FileHandler' driver.
INFO - 2024-07-12 04:33:20 --> Session: Class initialized using 'CodeIgniter\Session\Handlers\FileHandler' driver.
INFO - 2024-07-12 04:33:35 --> Session: Class initialized using 'CodeIgniter\Session\Handlers\FileHandler' driver.
INFO - 2024-07-12 04:33:38 --> Session: Class initialized using 'CodeIgniter\Session\Handlers\FileHandler' driver.
INFO - 2024-07-12 04:33:39 --> Session: Class initialized using 'CodeIgniter\Session\Handlers\FileHandler' driver.
INFO - 2024-07-12 04:33:53 --> Session: Class initialized using 'CodeIgniter\Session\Handlers\FileHandler' driver.
INFO - 2024-07-12 04:33:53 --> Session: Class initialized using 'CodeIgniter\Session\Handlers\FileHandler' driver.
INFO - 2024-07-12 04:35:09 --> Session: Class initialized using 'CodeIgniter\Session\Handlers\FileHandler' driver.
INFO - 2024-07-12 04:35:20 --> Session: Class initialized using 'CodeIgniter\Session\Handlers\FileHandler' driver.
INFO - 2024-07-12 04:35:21 --> Session: Class initialized using 'CodeIgniter\Session\Handlers\FileHandler' driver.
CRITICAL - 2024-07-12 04:35:21 --> ErrorException: Undefined array key "kode_dosen"
[Method: GET, Route: dosen]
in APPPATH\Views\Dosen\list.php on line 35.
 1 APPPATH\Views\Dosen\list.php(35): CodeIgniter\Debug\Exceptions->errorHandler(2, 'Undefined array key "kode_dosen"', 'C:\\Users\\Meli Angraeni\\Downloads\\codeigniter4-framework-v4.5.3-0-gbe27314\\codeigniter4-framework-be27314\\app\\Views\\Dosen\\list.php', 35)
 2 SYSTEMPATH\View\View.php(234): include('C:\\Users\\Meli Angraeni\\Downloads\\codeigniter4-framework-v4.5.3-0-gbe27314\\codeigniter4-framework-be27314\\app\\Views\\Dosen\\list.php')
 3 SYSTEMPATH\View\View.php(237): CodeIgniter\View\View->CodeIgniter\View\{closure}()
 4 SYSTEMPATH\Common.php(1171): CodeIgniter\View\View->render('dosen/list', [], true)
 5 APPPATH\Controllers\Dosen.php(30): view('dosen/list', [...])
 6 SYSTEMPATH\CodeIgniter.php(933): App\Controllers\Dosen->list()
 7 SYSTEMPATH\CodeIgniter.php(509): CodeIgniter\CodeIgniter->runController(Object(App\Controllers\Dosen))
 8 SYSTEMPATH\CodeIgniter.php(355): CodeIgniter\CodeIgniter->handleRequest(null, Object(Config\Cache), false)
 9 SYSTEMPATH\Boot.php(325): CodeIgniter\CodeIgniter->run()
10 SYSTEMPATH\Boot.php(67): CodeIgniter\Boot::runCodeIgniter(Object(CodeIgniter\CodeIgniter))
11 FCPATH\index.php(56): CodeIgniter\Boot::bootWeb(Object(Config\Paths))
12 SYSTEMPATH\rewrite.php(44): require_once('C:\\Users\\Meli Angraeni\\Downloads\\codeigniter4-framework-v4.5.3-0-gbe27314\\codeigniter4-framework-be27314\\public\\index.php')
INFO - 2024-07-12 04:37:40 --> Session: Class initialized using 'CodeIgniter\Session\Handlers\FileHandler' driver.
INFO - 2024-07-12 04:37:43 --> Session: Class initialized using 'CodeIgniter\Session\Handlers\FileHandler' driver.
CRITICAL - 2024-07-12 04:53:49 --> ErrorException: Maximum execution time of 60 seconds exceeded
[Method: POST, Route: dosen/simpan]
in SYSTEMPATH\Database\MySQLi\Connection.php on line 313.
 1 [internal function]: CodeIgniter\Debug\Exceptions->shutdownHandler()
ERROR - 2024-07-12 04:53:56 --> Error connecting to the database: mysqli_sql_exception: No connection could be made because the target machine actively refused it in C:\Users\Meli Angraeni\Downloads\codeigniter4-framework-v4.5.3-0-gbe27314\codeigniter4-framework-be27314\system\Database\MySQLi\Connection.php:187
Stack trace:
#0 C:\Users\Meli Angraeni\Downloads\codeigniter4-framework-v4.5.3-0-gbe27314\codeigniter4-framework-be27314\system\Database\MySQLi\Connection.php(187): mysqli->real_connect('localhost', 'root', '', 'uaspemrograman', 3306, '', 0)
#1 C:\Users\Meli Angraeni\Downloads\codeigniter4-framework-v4.5.3-0-gbe27314\codeigniter4-framework-be27314\system\Database\BaseConnection.php(421): CodeIgniter\Database\MySQLi\Connection->connect(false)
#2 C:\Users\Meli Angraeni\Downloads\codeigniter4-framework-v4.5.3-0-gbe27314\codeigniter4-framework-be27314\system\Database\BaseConnection.php(616): CodeIgniter\Database\BaseConnection->initialize()
#3 C:\Users\Meli Angraeni\Downloads\codeigniter4-framework-v4.5.3-0-gbe27314\codeigniter4-framework-be27314\system\Database\BaseBuilder.php(1720): CodeIgniter\Database\BaseConnection->query('SELECT COUNT(*)...', Array, false)
#4 C:\Users\Meli Angraeni\Downloads\codeigniter4-framework-v4.5.3-0-gbe27314\codeigniter4-framework-be27314\system\Model.php(678): CodeIgniter\Database\BaseBuilder->countAllResults(false)
#5 C:\Users\Meli Angraeni\Downloads\codeigniter4-framework-v4.5.3-0-gbe27314\codeigniter4-framework-be27314\system\BaseModel.php(1284): CodeIgniter\Model->countAllResults(false)
#6 C:\Users\Meli Angraeni\Downloads\codeigniter4-framework-v4.5.3-0-gbe27314\codeigniter4-framework-be27314\app\Controllers\Dosen.php(25): CodeIgniter\BaseModel->paginate(2, 'dosen')
#7 C:\Users\Meli Angraeni\Downloads\codeigniter4-framework-v4.5.3-0-gbe27314\codeigniter4-framework-be27314\system\CodeIgniter.php(933): App\Controllers\Dosen->list()
#8 C:\Users\Meli Angraeni\Downloads\codeigniter4-framework-v4.5.3-0-gbe27314\codeigniter4-framework-be27314\system\CodeIgniter.php(509): CodeIgniter\CodeIgniter->runController(Object(App\Controllers\Dosen))
#9 C:\Users\Meli Angraeni\Downloads\codeigniter4-framework-v4.5.3-0-gbe27314\codeigniter4-framework-be27314\system\CodeIgniter.php(355): CodeIgniter\CodeIgniter->handleRequest(NULL, Object(Config\Cache), false)
#10 C:\Users\Meli Angraeni\Downloads\codeigniter4-framework-v4.5.3-0-gbe27314\codeigniter4-framework-be27314\system\Boot.php(325): CodeIgniter\CodeIgniter->run()
#11 C:\Users\Meli Angraeni\Downloads\codeigniter4-framework-v4.5.3-0-gbe27314\codeigniter4-framework-be27314\system\Boot.php(67): CodeIgniter\Boot::runCodeIgniter(Object(CodeIgniter\CodeIgniter))
#12 C:\Users\Meli Angraeni\Downloads\codeigniter4-framework-v4.5.3-0-gbe27314\codeigniter4-framework-be27314\public\index.php(56): CodeIgniter\Boot::bootWeb(Object(Config\Paths))
#13 C:\Users\Meli Angraeni\Downloads\codeigniter4-framework-v4.5.3-0-gbe27314\codeigniter4-framework-be27314\system\rewrite.php(44): require_once('C:\\Users\\Meli A...')
#14 {main}

Next CodeIgniter\Database\Exceptions\DatabaseException: No connection could be made because the target machine actively refused it in C:\Users\Meli Angraeni\Downloads\codeigniter4-framework-v4.5.3-0-gbe27314\codeigniter4-framework-be27314\system\Database\MySQLi\Connection.php:231
Stack trace:
#0 C:\Users\Meli Angraeni\Downloads\codeigniter4-framework-v4.5.3-0-gbe27314\codeigniter4-framework-be27314\system\Database\BaseConnection.php(421): CodeIgniter\Database\MySQLi\Connection->connect(false)
#1 C:\Users\Meli Angraeni\Downloads\codeigniter4-framework-v4.5.3-0-gbe27314\codeigniter4-framework-be27314\system\Database\BaseConnection.php(616): CodeIgniter\Database\BaseConnection->initialize()
#2 C:\Users\Meli Angraeni\Downloads\codeigniter4-framework-v4.5.3-0-gbe27314\codeigniter4-framework-be27314\system\Database\BaseBuilder.php(1720): CodeIgniter\Database\BaseConnection->query('SELECT COUNT(*)...', Array, false)
#3 C:\Users\Meli Angraeni\Downloads\codeigniter4-framework-v4.5.3-0-gbe27314\codeigniter4-framework-be27314\system\Model.php(678): CodeIgniter\Database\BaseBuilder->countAllResults(false)
#4 C:\Users\Meli Angraeni\Downloads\codeigniter4-framework-v4.5.3-0-gbe27314\codeigniter4-framework-be27314\system\BaseModel.php(1284): CodeIgniter\Model->countAllResults(false)
#5 C:\Users\Meli Angraeni\Downloads\codeigniter4-framework-v4.5.3-0-gbe27314\codeigniter4-framework-be27314\app\Controllers\Dosen.php(25): CodeIgniter\BaseModel->paginate(2, 'dosen')
#6 C:\Users\Meli Angraeni\Downloads\codeigniter4-framework-v4.5.3-0-gbe27314\codeigniter4-framework-be27314\system\CodeIgniter.php(933): App\Controllers\Dosen->list()
#7 C:\Users\Meli Angraeni\Downloads\codeigniter4-framework-v4.5.3-0-gbe27314\codeigniter4-framework-be27314\system\CodeIgniter.php(509): CodeIgniter\CodeIgniter->runController(Object(App\Controllers\Dosen))
#8 C:\Users\Meli Angraeni\Downloads\codeigniter4-framework-v4.5.3-0-gbe27314\codeigniter4-framework-be27314\system\CodeIgniter.php(355): CodeIgniter\CodeIgniter->handleRequest(NULL, Object(Config\Cache), false)
#9 C:\Users\Meli Angraeni\Downloads\codeigniter4-framework-v4.5.3-0-gbe27314\codeigniter4-framework-be27314\system\Boot.php(325): CodeIgniter\CodeIgniter->run()
#10 C:\Users\Meli Angraeni\Downloads\codeigniter4-framework-v4.5.3-0-gbe27314\codeigniter4-framework-be27314\system\Boot.php(67): CodeIgniter\Boot::runCodeIgniter(Object(CodeIgniter\CodeIgniter))
#11 C:\Users\Meli Angraeni\Downloads\codeigniter4-framework-v4.5.3-0-gbe27314\codeigniter4-framework-be27314\public\index.php(56): CodeIgniter\Boot::bootWeb(Object(Config\Paths))
#12 C:\Users\Meli Angraeni\Downloads\codeigniter4-framework-v4.5.3-0-gbe27314\codeigniter4-framework-be27314\system\rewrite.php(44): require_once('C:\\Users\\Meli A...')
#13 {main}
CRITICAL - 2024-07-12 04:53:56 --> CodeIgniter\Database\Exceptions\DatabaseException: Unable to connect to the database.
Main connection [MySQLi]: No connection could be made because the target machine actively refused it
[Method: GET, Route: dosen]
in SYSTEMPATH\Database\BaseConnection.php on line 467.
 1 SYSTEMPATH\Database\BaseConnection.php(616): CodeIgniter\Database\BaseConnection->initialize()
 2 SYSTEMPATH\Database\BaseBuilder.php(1720): CodeIgniter\Database\BaseConnection->query('SELECT COUNT(*) AS `numrows`
FROM `dosen`', [], false)
 3 SYSTEMPATH\Model.php(678): CodeIgniter\Database\BaseBuilder->countAllResults(false)
 4 SYSTEMPATH\BaseModel.php(1284): CodeIgniter\Model->countAllResults(false)
 5 APPPATH\Controllers\Dosen.php(25): CodeIgniter\BaseModel->paginate(2, 'dosen')
 6 SYSTEMPATH\CodeIgniter.php(933): App\Controllers\Dosen->list()
 7 SYSTEMPATH\CodeIgniter.php(509): CodeIgniter\CodeIgniter->runController(Object(App\Controllers\Dosen))
 8 SYSTEMPATH\CodeIgniter.php(355): CodeIgniter\CodeIgniter->handleRequest(null, Object(Config\Cache), false)
 9 SYSTEMPATH\Boot.php(325): CodeIgniter\CodeIgniter->run()
10 SYSTEMPATH\Boot.php(67): CodeIgniter\Boot::runCodeIgniter(Object(CodeIgniter\CodeIgniter))
11 FCPATH\index.php(56): CodeIgniter\Boot::bootWeb(Object(Config\Paths))
12 SYSTEMPATH\rewrite.php(44): require_once('C:\\Users\\Meli Angraeni\\Downloads\\codeigniter4-framework-v4.5.3-0-gbe27314\\codeigniter4-framework-be27314\\public\\index.php')
INFO - 2024-07-12 06:08:08 --> Session: Class initialized using 'CodeIgniter\Session\Handlers\FileHandler' driver.
INFO - 2024-07-12 06:08:20 --> Session: Class initialized using 'CodeIgniter\Session\Handlers\FileHandler' driver.
INFO - 2024-07-12 06:08:52 --> Session: Class initialized using 'CodeIgniter\Session\Handlers\FileHandler' driver.
INFO - 2024-07-12 06:08:52 --> Session: Class initialized using 'CodeIgniter\Session\Handlers\FileHandler' driver.
INFO - 2024-07-12 06:09:57 --> Session: Class initialized using 'CodeIgniter\Session\Handlers\FileHandler' driver.
INFO - 2024-07-12 06:10:20 --> Session: Class initialized using 'CodeIgniter\Session\Handlers\FileHandler' driver.
INFO - 2024-07-12 06:10:20 --> Session: Class initialized using 'CodeIgniter\Session\Handlers\FileHandler' driver.
INFO - 2024-07-12 06:12:32 --> Session: Class initialized using 'CodeIgniter\Session\Handlers\FileHandler' driver.
INFO - 2024-07-12 06:12:36 --> Session: Class initialized using 'CodeIgniter\Session\Handlers\FileHandler' driver.
INFO - 2024-07-12 06:13:03 --> Session: Class initialized using 'CodeIgniter\Session\Handlers\FileHandler' driver.
INFO - 2024-07-12 06:13:03 --> Session: Class initialized using 'CodeIgniter\Session\Handlers\FileHandler' driver.
INFO - 2024-07-12 06:13:11 --> Session: Class initialized using 'CodeIgniter\Session\Handlers\FileHandler' driver.
INFO - 2024-07-12 06:14:34 --> Session: Class initialized using 'CodeIgniter\Session\Handlers\FileHandler' driver.
INFO - 2024-07-12 06:14:55 --> Session: Class initialized using 'CodeIgniter\Session\Handlers\FileHandler' driver.
INFO - 2024-07-12 06:14:55 --> Session: Class initialized using 'CodeIgniter\Session\Handlers\FileHandler' driver.
INFO - 2024-07-12 06:16:55 --> Session: Class initialized using 'CodeIgniter\Session\Handlers\FileHandler' driver.
INFO - 2024-07-12 06:16:58 --> Session: Class initialized using 'CodeIgniter\Session\Handlers\FileHandler' driver.
INFO - 2024-07-12 06:17:13 --> Session: Class initialized using 'CodeIgniter\Session\Handlers\FileHandler' driver.
INFO - 2024-07-12 06:17:13 --> Session: Class initialized using 'CodeIgniter\Session\Handlers\FileHandler' driver.
INFO - 2024-07-12 06:18:27 --> Session: Class initialized using 'CodeIgniter\Session\Handlers\FileHandler' driver.
INFO - 2024-07-12 06:19:56 --> Session: Class initialized using 'CodeIgniter\Session\Handlers\FileHandler' driver.
INFO - 2024-07-12 06:19:56 --> Session: Class initialized using 'CodeIgniter\Session\Handlers\FileHandler' driver.
INFO - 2024-07-12 06:20:32 --> Session: Class initialized using 'CodeIgniter\Session\Handlers\FileHandler' driver.
INFO - 2024-07-12 06:20:43 --> Session: Class initialized using 'CodeIgniter\Session\Handlers\FileHandler' driver.
INFO - 2024-07-12 06:20:43 --> Session: Class initialized using 'CodeIgniter\Session\Handlers\FileHandler' driver.
INFO - 2024-07-12 06:21:12 --> Session: Class initialized using 'CodeIgniter\Session\Handlers\FileHandler' driver.
INFO - 2024-07-12 06:21:14 --> Session: Class initialized using 'CodeIgniter\Session\Handlers\FileHandler' driver.
INFO - 2024-07-12 06:21:17 --> Session: Class initialized using 'CodeIgniter\Session\Handlers\FileHandler' driver.
INFO - 2024-07-12 06:21:19 --> Session: Class initialized using 'CodeIgniter\Session\Handlers\FileHandler' driver.
INFO - 2024-07-12 06:21:21 --> Session: Class initialized using 'CodeIgniter\Session\Handlers\FileHandler' driver.
INFO - 2024-07-12 06:21:23 --> Session: Class initialized using 'CodeIgniter\Session\Handlers\FileHandler' driver.
INFO - 2024-07-12 06:21:24 --> Session: Class initialized using 'CodeIgniter\Session\Handlers\FileHandler' driver.
INFO - 2024-07-12 06:21:26 --> Session: Class initialized using 'CodeIgniter\Session\Handlers\FileHandler' driver.
INFO - 2024-07-12 06:21:28 --> Session: Class initialized using 'CodeIgniter\Session\Handlers\FileHandler' driver.
INFO - 2024-07-12 06:21:29 --> Session: Class initialized using 'CodeIgniter\Session\Handlers\FileHandler' driver.
INFO - 2024-07-12 06:21:31 --> Session: Class initialized using 'CodeIgniter\Session\Handlers\FileHandler' driver.
INFO - 2024-07-12 06:21:34 --> Session: Class initialized using 'CodeIgniter\Session\Handlers\FileHandler' driver.
INFO - 2024-07-12 06:21:38 --> Session: Class initialized using 'CodeIgniter\Session\Handlers\FileHandler' driver.
INFO - 2024-07-12 06:21:40 --> Session: Class initialized using 'CodeIgniter\Session\Handlers\FileHandler' driver.
INFO - 2024-07-12 06:21:43 --> Session: Class initialized using 'CodeIgniter\Session\Handlers\FileHandler' driver.
INFO - 2024-07-12 06:21:45 --> Session: Class initialized using 'CodeIgniter\Session\Handlers\FileHandler' driver.
INFO - 2024-07-12 06:21:53 --> Session: Class initialized using 'CodeIgniter\Session\Handlers\FileHandler' driver.
INFO - 2024-07-12 06:22:25 --> Session: Class initialized using 'CodeIgniter\Session\Handlers\FileHandler' driver.
INFO - 2024-07-12 06:22:29 --> Session: Class initialized using 'CodeIgniter\Session\Handlers\FileHandler' driver.
INFO - 2024-07-12 06:22:29 --> Session: Class initialized using 'CodeIgniter\Session\Handlers\FileHandler' driver.
INFO - 2024-07-12 06:22:34 --> Session: Class initialized using 'CodeIgniter\Session\Handlers\FileHandler' driver.
INFO - 2024-07-12 06:22:34 --> Session: Class initialized using 'CodeIgniter\Session\Handlers\FileHandler' driver.
INFO - 2024-07-12 06:22:36 --> Session: Class initialized using 'CodeIgniter\Session\Handlers\FileHandler' driver.
INFO - 2024-07-12 06:22:36 --> Session: Class initialized using 'CodeIgniter\Session\Handlers\FileHandler' driver.
INFO - 2024-07-12 06:22:38 --> Session: Class initialized using 'CodeIgniter\Session\Handlers\FileHandler' driver.
INFO - 2024-07-12 06:22:38 --> Session: Class initialized using 'CodeIgniter\Session\Handlers\FileHandler' driver.
INFO - 2024-07-12 06:22:40 --> Session: Class initialized using 'CodeIgniter\Session\Handlers\FileHandler' driver.
INFO - 2024-07-12 06:22:40 --> Session: Class initialized using 'CodeIgniter\Session\Handlers\FileHandler' driver.
INFO - 2024-07-12 06:22:42 --> Session: Class initialized using 'CodeIgniter\Session\Handlers\FileHandler' driver.
INFO - 2024-07-12 06:22:43 --> Session: Class initialized using 'CodeIgniter\Session\Handlers\FileHandler' driver.
INFO - 2024-07-12 06:22:44 --> Session: Class initialized using 'CodeIgniter\Session\Handlers\FileHandler' driver.
INFO - 2024-07-12 06:22:44 --> Session: Class initialized using 'CodeIgniter\Session\Handlers\FileHandler' driver.
INFO - 2024-07-12 06:22:46 --> Session: Class initialized using 'CodeIgniter\Session\Handlers\FileHandler' driver.
INFO - 2024-07-12 06:22:46 --> Session: Class initialized using 'CodeIgniter\Session\Handlers\FileHandler' driver.
INFO - 2024-07-12 06:22:49 --> Session: Class initialized using 'CodeIgniter\Session\Handlers\FileHandler' driver.
INFO - 2024-07-12 06:23:02 --> Session: Class initialized using 'CodeIgniter\Session\Handlers\FileHandler' driver.
INFO - 2024-07-12 06:23:02 --> Session: Class initialized using 'CodeIgniter\Session\Handlers\FileHandler' driver.
INFO - 2024-07-12 06:28:22 --> Session: Class initialized using 'CodeIgniter\Session\Handlers\FileHandler' driver.
INFO - 2024-07-12 06:31:21 --> Session: Class initialized using 'CodeIgniter\Session\Handlers\FileHandler' driver.
INFO - 2024-07-12 06:31:24 --> Session: Class initialized using 'CodeIgniter\Session\Handlers\FileHandler' driver.
INFO - 2024-07-12 06:31:28 --> Session: Class initialized using 'CodeIgniter\Session\Handlers\FileHandler' driver.
INFO - 2024-07-12 06:34:37 --> Session: Class initialized using 'CodeIgniter\Session\Handlers\FileHandler' driver.
INFO - 2024-07-12 06:35:42 --> Session: Class initialized using 'CodeIgniter\Session\Handlers\FileHandler' driver.
INFO - 2024-07-12 06:35:48 --> Session: Class initialized using 'CodeIgniter\Session\Handlers\FileHandler' driver.
INFO - 2024-07-12 06:38:26 --> Session: Class initialized using 'CodeIgniter\Session\Handlers\FileHandler' driver.
INFO - 2024-07-12 06:38:29 --> Session: Class initialized using 'CodeIgniter\Session\Handlers\FileHandler' driver.
INFO - 2024-07-12 06:40:01 --> Session: Class initialized using 'CodeIgniter\Session\Handlers\FileHandler' driver.
INFO - 2024-07-12 06:42:01 --> Session: Class initialized using 'CodeIgniter\Session\Handlers\FileHandler' driver.
INFO - 2024-07-12 06:42:56 --> Session: Class initialized using 'CodeIgniter\Session\Handlers\FileHandler' driver.
INFO - 2024-07-12 06:43:50 --> Session: Class initialized using 'CodeIgniter\Session\Handlers\FileHandler' driver.
INFO - 2024-07-12 06:44:26 --> Session: Class initialized using 'CodeIgniter\Session\Handlers\FileHandler' driver.
INFO - 2024-07-12 06:44:33 --> Session: Class initialized using 'CodeIgniter\Session\Handlers\FileHandler' driver.
INFO - 2024-07-12 06:49:04 --> Session: Class initialized using 'CodeIgniter\Session\Handlers\FileHandler' driver.
INFO - 2024-07-12 06:49:12 --> Session: Class initialized using 'CodeIgniter\Session\Handlers\FileHandler' driver.
INFO - 2024-07-12 06:49:17 --> Session: Class initialized using 'CodeIgniter\Session\Handlers\FileHandler' driver.
INFO - 2024-07-12 07:21:55 --> Session: Class initialized using 'CodeIgniter\Session\Handlers\FileHandler' driver.
INFO - 2024-07-12 07:22:10 --> Session: Class initialized using 'CodeIgniter\Session\Handlers\FileHandler' driver.
INFO - 2024-07-12 07:23:38 --> Session: Class initialized using 'CodeIgniter\Session\Handlers\FileHandler' driver.
INFO - 2024-07-12 07:23:55 --> Session: Class initialized using 'CodeIgniter\Session\Handlers\FileHandler' driver.
INFO - 2024-07-12 07:23:57 --> Session: Class initialized using 'CodeIgniter\Session\Handlers\FileHandler' driver.
CRITICAL - 2024-07-12 07:23:59 --> ErrorException: Undefined array key "matkul_dosen"
[Method: GET, Route: dosen/hadir/9]
in APPPATH\Controllers\Dosen.php on line 84.
 1 APPPATH\Controllers\Dosen.php(84): CodeIgniter\Debug\Exceptions->errorHandler(2, 'Undefined array key "matkul_dosen"', 'C:\\Users\\Meli Angraeni\\Downloads\\codeigniter4-framework-v4.5.3-0-gbe27314\\codeigniter4-framework-be27314\\app\\Controllers\\Dosen.php', 84)
 2 SYSTEMPATH\CodeIgniter.php(933): App\Controllers\Dosen->hadir(9)
 3 SYSTEMPATH\CodeIgniter.php(509): CodeIgniter\CodeIgniter->runController(Object(App\Controllers\Dosen))
 4 SYSTEMPATH\CodeIgniter.php(355): CodeIgniter\CodeIgniter->handleRequest(null, Object(Config\Cache), false)
 5 SYSTEMPATH\Boot.php(325): CodeIgniter\CodeIgniter->run()
 6 SYSTEMPATH\Boot.php(67): CodeIgniter\Boot::runCodeIgniter(Object(CodeIgniter\CodeIgniter))
 7 FCPATH\index.php(56): CodeIgniter\Boot::bootWeb(Object(Config\Paths))
 8 SYSTEMPATH\rewrite.php(44): require_once('C:\\Users\\Meli Angraeni\\Downloads\\codeigniter4-framework-v4.5.3-0-gbe27314\\codeigniter4-framework-be27314\\public\\index.php')
CRITICAL - 2024-07-12 07:24:57 --> ErrorException: file_get_contents(https://api.telegram.org/bot7062290247:AAEdcS_qitMvwF2JXp4ZzUH2g5ErE_Yxeds/sendMessage?text=Assalamualaikum%0APemberitahuan+mell+dengan+matkul+b.inggris++masuk+seperti+biasa%0A+Terimakasih+&amp;chat_id=-4163740871): Failed to open stream: HTTP request failed! HTTP/1.1 401 Unauthorized

[Method: GET, Route: dosen/hadir/9]
in APPPATH\Controllers\Dosen.php on line 93.
 1 [internal function]: CodeIgniter\Debug\Exceptions->errorHandler(2, 'file_get_contents(https://api.telegram.org/bot7062290247:AAEdcS_qitMvwF2JXp4ZzUH2g5ErE_Yxeds/sendMessage?text=Assalamualaikum%0APemberitahuan+mell+dengan+matkul+b.inggris++masuk+seperti+biasa%0A+Terimakasih+&amp;chat_id=-4163740871): Failed to open stream: HTTP request failed! HTTP/1.1 401 Unauthorized
', 'C:\\Users\\Meli Angraeni\\Downloads\\codeigniter4-framework-v4.5.3-0-gbe27314\\codeigniter4-framework-be27314\\app\\Controllers\\Dosen.php', 93)
 2 APPPATH\Controllers\Dosen.php(93): file_get_contents('https://api.telegram.org/bot7062290247:AAEdcS_qitMvwF2JXp4ZzUH2g5ErE_Yxeds/sendMessage?text=Assalamualaikum%0APemberitahuan+mell+dengan+matkul+b.inggris++masuk+seperti+biasa%0A+Terimakasih+&chat_id=-4163740871')
 3 SYSTEMPATH\CodeIgniter.php(933): App\Controllers\Dosen->hadir(9)
 4 SYSTEMPATH\CodeIgniter.php(509): CodeIgniter\CodeIgniter->runController(Object(App\Controllers\Dosen))
 5 SYSTEMPATH\CodeIgniter.php(355): CodeIgniter\CodeIgniter->handleRequest(null, Object(Config\Cache), false)
 6 SYSTEMPATH\Boot.php(325): CodeIgniter\CodeIgniter->run()
 7 SYSTEMPATH\Boot.php(67): CodeIgniter\Boot::runCodeIgniter(Object(CodeIgniter\CodeIgniter))
 8 FCPATH\index.php(56): CodeIgniter\Boot::bootWeb(Object(Config\Paths))
 9 SYSTEMPATH\rewrite.php(44): require_once('C:\\Users\\Meli Angraeni\\Downloads\\codeigniter4-framework-v4.5.3-0-gbe27314\\codeigniter4-framework-be27314\\public\\index.php')
CRITICAL - 2024-07-12 07:26:43 --> ErrorException: file_get_contents(): SSL: An existing connection was forcibly closed by the remote host
[Method: GET, Route: dosen/hadir/9]
in APPPATH\Controllers\Dosen.php on line 93.
 1 [internal function]: CodeIgniter\Debug\Exceptions->errorHandler(2, 'file_get_contents(): SSL: An existing connection was forcibly closed by the remote host', 'C:\\Users\\Meli Angraeni\\Downloads\\codeigniter4-framework-v4.5.3-0-gbe27314\\codeigniter4-framework-be27314\\app\\Controllers\\Dosen.php', 93)
 2 APPPATH\Controllers\Dosen.php(93): file_get_contents('https://api.telegram.org/bot7062290247:AAEdcS_qitMvwF2JXp4ZzUH2g5ErE_Yxeds/sendMessage?text=Assalamualaikum%0APemberitahuan+mell+dengan+matkul+b.inggris++masuk+seperti+biasa%0A+Terimakasih+&chat_id=-4163740871')
 3 SYSTEMPATH\CodeIgniter.php(933): App\Controllers\Dosen->hadir(9)
 4 SYSTEMPATH\CodeIgniter.php(509): CodeIgniter\CodeIgniter->runController(Object(App\Controllers\Dosen))
 5 SYSTEMPATH\CodeIgniter.php(355): CodeIgniter\CodeIgniter->handleRequest(null, Object(Config\Cache), false)
 6 SYSTEMPATH\Boot.php(325): CodeIgniter\CodeIgniter->run()
 7 SYSTEMPATH\Boot.php(67): CodeIgniter\Boot::runCodeIgniter(Object(CodeIgniter\CodeIgniter))
 8 FCPATH\index.php(56): CodeIgniter\Boot::bootWeb(Object(Config\Paths))
 9 SYSTEMPATH\rewrite.php(44): require_once('C:\\Users\\Meli Angraeni\\Downloads\\codeigniter4-framework-v4.5.3-0-gbe27314\\codeigniter4-framework-be27314\\public\\index.php')
INFO - 2024-07-12 07:27:17 --> Session: Class initialized using 'CodeIgniter\Session\Handlers\FileHandler' driver.
INFO - 2024-07-12 07:27:17 --> Session: Class initialized using 'CodeIgniter\Session\Handlers\FileHandler' driver.
INFO - 2024-07-12 07:27:23 --> Session: Class initialized using 'CodeIgniter\Session\Handlers\FileHandler' driver.
INFO - 2024-07-12 07:27:50 --> Session: Class initialized using 'CodeIgniter\Session\Handlers\FileHandler' driver.
CRITICAL - 2024-07-12 07:27:52 --> ErrorException: Undefined variable $studi
[Method: GET, Route: dosen/tidakhadir/9]
in APPPATH\Controllers\Dosen.php on line 102.
 1 APPPATH\Controllers\Dosen.php(102): CodeIgniter\Debug\Exceptions->errorHandler(2, 'Undefined variable $studi', 'C:\\Users\\Meli Angraeni\\Downloads\\codeigniter4-framework-v4.5.3-0-gbe27314\\codeigniter4-framework-be27314\\app\\Controllers\\Dosen.php', 102)
 2 SYSTEMPATH\CodeIgniter.php(933): App\Controllers\Dosen->tidak(9)
 3 SYSTEMPATH\CodeIgniter.php(509): CodeIgniter\CodeIgniter->runController(Object(App\Controllers\Dosen))
 4 SYSTEMPATH\CodeIgniter.php(355): CodeIgniter\CodeIgniter->handleRequest(null, Object(Config\Cache), false)
 5 SYSTEMPATH\Boot.php(325): CodeIgniter\CodeIgniter->run()
 6 SYSTEMPATH\Boot.php(67): CodeIgniter\Boot::runCodeIgniter(Object(CodeIgniter\CodeIgniter))
 7 FCPATH\index.php(56): CodeIgniter\Boot::bootWeb(Object(Config\Paths))
 8 SYSTEMPATH\rewrite.php(44): require_once('C:\\Users\\Meli Angraeni\\Downloads\\codeigniter4-framework-v4.5.3-0-gbe27314\\codeigniter4-framework-be27314\\public\\index.php')
CRITICAL - 2024-07-12 07:28:11 --> ErrorException: file_get_contents(https://api.telegram.org/bot7062290247:AAEdcS_qitMvwF2JXp4ZzUH2g5ErE_Yxeds/sendMessage?text=Assalamualaikum%0APemberitahuan+mell+Meli+Anggraeni+dengan+bidang+studi+spk+b.inggris+studi+tidak+bisa+hadir+dikarnakan+ada+urusan+mendadak%0A+Terimakasih+&amp;chat_id=-4163740871): Failed to open stream: HTTP request failed! HTTP/1.1 401 Unauthorized

[Method: GET, Route: dosen/tidakhadir/9]
in APPPATH\Controllers\Dosen.php on line 111.
 1 [internal function]: CodeIgniter\Debug\Exceptions->errorHandler(2, 'file_get_contents(https://api.telegram.org/bot7062290247:AAEdcS_qitMvwF2JXp4ZzUH2g5ErE_Yxeds/sendMessage?text=Assalamualaikum%0APemberitahuan+mell+Meli+Anggraeni+dengan+bidang+studi+spk+b.inggris+studi+tidak+bisa+hadir+dikarnakan+ada+urusan+mendadak%0A+Terimakasih+&amp;chat_id=-4163740871): Failed to open stream: HTTP request failed! HTTP/1.1 401 Unauthorized
', 'C:\\Users\\Meli Angraeni\\Downloads\\codeigniter4-framework-v4.5.3-0-gbe27314\\codeigniter4-framework-be27314\\app\\Controllers\\Dosen.php', 111)
 2 APPPATH\Controllers\Dosen.php(111): file_get_contents('https://api.telegram.org/bot7062290247:AAEdcS_qitMvwF2JXp4ZzUH2g5ErE_Yxeds/sendMessage?text=Assalamualaikum%0APemberitahuan+mell+Meli+Anggraeni+dengan+bidang+studi+spk+b.inggris+studi+tidak+bisa+hadir+dikarnakan+ada+urusan+mendadak%0A+Terimakasih+&chat_id=-4163740871')
 3 SYSTEMPATH\CodeIgniter.php(933): App\Controllers\Dosen->tidak(9)
 4 SYSTEMPATH\CodeIgniter.php(509): CodeIgniter\CodeIgniter->runController(Object(App\Controllers\Dosen))
 5 SYSTEMPATH\CodeIgniter.php(355): CodeIgniter\CodeIgniter->handleRequest(null, Object(Config\Cache), false)
 6 SYSTEMPATH\Boot.php(325): CodeIgniter\CodeIgniter->run()
 7 SYSTEMPATH\Boot.php(67): CodeIgniter\Boot::runCodeIgniter(Object(CodeIgniter\CodeIgniter))
 8 FCPATH\index.php(56): CodeIgniter\Boot::bootWeb(Object(Config\Paths))
 9 SYSTEMPATH\rewrite.php(44): require_once('C:\\Users\\Meli Angraeni\\Downloads\\codeigniter4-framework-v4.5.3-0-gbe27314\\codeigniter4-framework-be27314\\public\\index.php')
CRITICAL - 2024-07-12 07:28:18 --> ErrorException: file_get_contents(https://api.telegram.org/bot7062290247:AAEdcS_qitMvwF2JXp4ZzUH2g5ErE_Yxeds/sendMessage?text=Assalamualaikum%0APemberitahuan+mell+Meli+Anggraeni+dengan+bidang+studi+spk+b.inggris+studi+tidak+bisa+hadir+dikarnakan+ada+urusan+mendadak%0A+Terimakasih+&amp;chat_id=-4163740871): Failed to open stream: HTTP request failed! HTTP/1.1 401 Unauthorized

[Method: GET, Route: dosen/tidakhadir/9]
in APPPATH\Controllers\Dosen.php on line 111.
 1 [internal function]: CodeIgniter\Debug\Exceptions->errorHandler(2, 'file_get_contents(https://api.telegram.org/bot7062290247:AAEdcS_qitMvwF2JXp4ZzUH2g5ErE_Yxeds/sendMessage?text=Assalamualaikum%0APemberitahuan+mell+Meli+Anggraeni+dengan+bidang+studi+spk+b.inggris+studi+tidak+bisa+hadir+dikarnakan+ada+urusan+mendadak%0A+Terimakasih+&amp;chat_id=-4163740871): Failed to open stream: HTTP request failed! HTTP/1.1 401 Unauthorized
', 'C:\\Users\\Meli Angraeni\\Downloads\\codeigniter4-framework-v4.5.3-0-gbe27314\\codeigniter4-framework-be27314\\app\\Controllers\\Dosen.php', 111)
 2 APPPATH\Controllers\Dosen.php(111): file_get_contents('https://api.telegram.org/bot7062290247:AAEdcS_qitMvwF2JXp4ZzUH2g5ErE_Yxeds/sendMessage?text=Assalamualaikum%0APemberitahuan+mell+Meli+Anggraeni+dengan+bidang+studi+spk+b.inggris+studi+tidak+bisa+hadir+dikarnakan+ada+urusan+mendadak%0A+Terimakasih+&chat_id=-4163740871')
 3 SYSTEMPATH\CodeIgniter.php(933): App\Controllers\Dosen->tidak(9)
 4 SYSTEMPATH\CodeIgniter.php(509): CodeIgniter\CodeIgniter->runController(Object(App\Controllers\Dosen))
 5 SYSTEMPATH\CodeIgniter.php(355): CodeIgniter\CodeIgniter->handleRequest(null, Object(Config\Cache), false)
 6 SYSTEMPATH\Boot.php(325): CodeIgniter\CodeIgniter->run()
 7 SYSTEMPATH\Boot.php(67): CodeIgniter\Boot::runCodeIgniter(Object(CodeIgniter\CodeIgniter))
 8 FCPATH\index.php(56): CodeIgniter\Boot::bootWeb(Object(Config\Paths))
 9 SYSTEMPATH\rewrite.php(44): require_once('C:\\Users\\Meli Angraeni\\Downloads\\codeigniter4-framework-v4.5.3-0-gbe27314\\codeigniter4-framework-be27314\\public\\index.php')
INFO - 2024-07-12 07:28:51 --> Session: Class initialized using 'CodeIgniter\Session\Handlers\FileHandler' driver.
INFO - 2024-07-12 07:28:51 --> Session: Class initialized using 'CodeIgniter\Session\Handlers\FileHandler' driver.
INFO - 2024-07-12 07:28:51 --> Session: Class initialized using 'CodeIgniter\Session\Handlers\FileHandler' driver.
INFO - 2024-07-12 07:28:55 --> Session: Class initialized using 'CodeIgniter\Session\Handlers\FileHandler' driver.
INFO - 2024-07-12 07:28:58 --> Session: Class initialized using 'CodeIgniter\Session\Handlers\FileHandler' driver.
INFO - 2024-07-12 07:28:58 --> Session: Class initialized using 'CodeIgniter\Session\Handlers\FileHandler' driver.
INFO - 2024-07-12 07:54:43 --> Session: Class initialized using 'CodeIgniter\Session\Handlers\FileHandler' driver.
INFO - 2024-07-12 07:54:56 --> Session: Class initialized using 'CodeIgniter\Session\Handlers\FileHandler' driver.
INFO - 2024-07-12 07:55:09 --> Session: Class initialized using 'CodeIgniter\Session\Handlers\FileHandler' driver.
